2023-11-11 18:24:18,536 - main.py[line:65] - INFO: =========================================================================================
2023-11-11 18:24:18,537 - main.py[line:66] - INFO: | End of training | test loss 10.23 | test ppl 27821.87
2023-11-11 18:24:18,538 - main.py[line:68] - INFO: =========================================================================================
2023-11-11 18:25:52,783 - main.py[line:65] - INFO: =========================================================================================
2023-11-11 18:25:52,784 - main.py[line:66] - INFO: | End of training | test loss 10.23 | test ppl 27821.51
2023-11-11 18:25:52,785 - main.py[line:68] - INFO: =========================================================================================
2023-11-11 18:30:27,416 - main.py[line:65] - INFO: =========================================================================================
2023-11-11 18:30:27,416 - main.py[line:66] - INFO: | End of training | test loss 10.23 | test ppl 27821.69
2023-11-11 18:30:27,416 - main.py[line:68] - INFO: =========================================================================================
2023-11-11 18:31:25,945 - main.py[line:65] - INFO: =========================================================================================
2023-11-11 18:31:25,946 - main.py[line:66] - INFO: | End of training | test loss 10.23 | test ppl 27821.71
2023-11-11 18:31:25,946 - main.py[line:68] - INFO: =========================================================================================
2023-11-11 18:31:25,958 - main.py[line:75] - INFO: predicted words: , , , , ,
2023-11-11 22:36:33,851 - train_model.py[line:108] - INFO: -----------------------------------------------------------------------------------------
2023-11-11 22:36:33,852 - train_model.py[line:109] - INFO: | end of epoch   1 | time:  0.57s | valid loss 10.26459 | valid ppl 28698.30
2023-11-11 22:36:33,852 - train_model.py[line:111] - INFO: -----------------------------------------------------------------------------------------
2023-11-11 22:36:33,988 - main.py[line:68] - INFO: =========================================================================================
2023-11-11 22:36:33,988 - main.py[line:69] - INFO: | End of training | test loss 10.26 | test ppl 28565.15
2023-11-11 22:36:33,988 - main.py[line:71] - INFO: =========================================================================================
2023-11-11 22:37:11,042 - train_model.py[line:108] - INFO: -----------------------------------------------------------------------------------------
2023-11-11 22:37:11,042 - train_model.py[line:109] - INFO: | end of epoch   1 | time:  0.58s | valid loss 10.26180 | valid ppl 28618.25
2023-11-11 22:37:11,043 - train_model.py[line:111] - INFO: -----------------------------------------------------------------------------------------
2023-11-11 22:37:11,175 - main.py[line:68] - INFO: =========================================================================================
2023-11-11 22:37:11,176 - main.py[line:69] - INFO: | End of training | test loss 10.26 | test ppl 28707.33
2023-11-11 22:37:11,176 - main.py[line:71] - INFO: =========================================================================================
2023-11-11 23:38:25,939 - train_model.py[line:108] - INFO: -----------------------------------------------------------------------------------------
2023-11-11 23:38:25,940 - train_model.py[line:109] - INFO: | end of epoch   1 | time:  0.60s | valid loss 10.26703 | valid ppl 28768.26
2023-11-11 23:38:25,940 - train_model.py[line:111] - INFO: -----------------------------------------------------------------------------------------
2023-11-11 23:38:26,075 - main.py[line:68] - INFO: =========================================================================================
2023-11-11 23:38:26,076 - main.py[line:69] - INFO: | End of training | test loss 10.26 | test ppl 28621.88
2023-11-11 23:38:26,076 - main.py[line:71] - INFO: =========================================================================================
2023-11-11 23:38:52,687 - train_model.py[line:108] - INFO: -----------------------------------------------------------------------------------------
2023-11-11 23:38:52,687 - train_model.py[line:109] - INFO: | end of epoch   1 | time:  0.56s | valid loss 10.27248 | valid ppl 28925.59
2023-11-11 23:38:52,688 - train_model.py[line:111] - INFO: -----------------------------------------------------------------------------------------
2023-11-11 23:38:52,819 - main.py[line:68] - INFO: =========================================================================================
2023-11-11 23:38:52,820 - main.py[line:69] - INFO: | End of training | test loss 10.27 | test ppl 28979.29
2023-11-11 23:38:52,820 - main.py[line:71] - INFO: =========================================================================================
2023-11-11 23:40:11,253 - train_model.py[line:108] - INFO: -----------------------------------------------------------------------------------------
2023-11-11 23:40:11,253 - train_model.py[line:109] - INFO: | end of epoch   1 | time:  0.58s | valid loss 10.26836 | valid ppl 28806.55
2023-11-11 23:40:11,254 - train_model.py[line:111] - INFO: -----------------------------------------------------------------------------------------
2023-11-11 23:40:11,383 - main.py[line:68] - INFO: =========================================================================================
2023-11-11 23:40:11,383 - main.py[line:69] - INFO: | End of training | test loss 10.27 | test ppl 28896.59
2023-11-11 23:40:11,383 - main.py[line:71] - INFO: =========================================================================================
2023-11-11 23:40:42,011 - train_model.py[line:108] - INFO: -----------------------------------------------------------------------------------------
2023-11-11 23:40:42,013 - train_model.py[line:109] - INFO: | end of epoch   1 | time:  0.57s | valid loss 10.27967 | valid ppl 29134.13
2023-11-11 23:40:42,013 - train_model.py[line:111] - INFO: -----------------------------------------------------------------------------------------
2023-11-11 23:40:42,148 - main.py[line:68] - INFO: =========================================================================================
2023-11-11 23:40:42,149 - main.py[line:69] - INFO: | End of training | test loss 10.27 | test ppl 28753.40
2023-11-11 23:40:42,149 - main.py[line:71] - INFO: =========================================================================================
2023-11-11 23:42:35,150 - train_model.py[line:108] - INFO: -----------------------------------------------------------------------------------------
2023-11-11 23:42:35,151 - train_model.py[line:109] - INFO: | end of epoch   1 | time:  0.62s | valid loss 10.26719 | valid ppl 28773.05
2023-11-11 23:42:35,151 - train_model.py[line:111] - INFO: -----------------------------------------------------------------------------------------
2023-11-11 23:42:35,304 - main.py[line:68] - INFO: =========================================================================================
2023-11-11 23:42:35,305 - main.py[line:69] - INFO: | End of training | test loss 10.26 | test ppl 28587.65
2023-11-11 23:42:35,305 - main.py[line:71] - INFO: =========================================================================================
2023-11-11 23:43:51,298 - train_model.py[line:108] - INFO: -----------------------------------------------------------------------------------------
2023-11-11 23:43:51,299 - train_model.py[line:109] - INFO: | end of epoch   1 | time:  0.58s | valid loss 10.27353 | valid ppl 28955.93
2023-11-11 23:43:51,299 - train_model.py[line:111] - INFO: -----------------------------------------------------------------------------------------
2023-11-11 23:43:51,429 - main.py[line:68] - INFO: =========================================================================================
2023-11-11 23:43:51,430 - main.py[line:69] - INFO: | End of training | test loss 10.27 | test ppl 28839.53
2023-11-11 23:43:51,430 - main.py[line:71] - INFO: =========================================================================================
2023-11-11 23:44:25,240 - train_model.py[line:108] - INFO: -----------------------------------------------------------------------------------------
2023-11-11 23:44:25,241 - train_model.py[line:109] - INFO: | end of epoch   1 | time:  0.58s | valid loss 10.26100 | valid ppl 28595.48
2023-11-11 23:44:25,241 - train_model.py[line:111] - INFO: -----------------------------------------------------------------------------------------
2023-11-11 23:44:25,374 - main.py[line:68] - INFO: =========================================================================================
2023-11-11 23:44:25,375 - main.py[line:69] - INFO: | End of training | test loss 10.27 | test ppl 28951.05
2023-11-11 23:44:25,375 - main.py[line:71] - INFO: =========================================================================================
2023-11-11 23:45:09,669 - train_model.py[line:108] - INFO: -----------------------------------------------------------------------------------------
2023-11-11 23:45:09,670 - train_model.py[line:109] - INFO: | end of epoch   1 | time:  0.56s | valid loss 10.27446 | valid ppl 28982.84
2023-11-11 23:45:09,670 - train_model.py[line:111] - INFO: -----------------------------------------------------------------------------------------
2023-11-11 23:45:09,798 - main.py[line:68] - INFO: =========================================================================================
2023-11-11 23:45:09,798 - main.py[line:69] - INFO: | End of training | test loss 10.27 | test ppl 28888.20
2023-11-11 23:45:09,798 - main.py[line:71] - INFO: =========================================================================================
2023-11-11 23:46:48,318 - train_model.py[line:108] - INFO: -----------------------------------------------------------------------------------------
2023-11-11 23:46:48,320 - train_model.py[line:109] - INFO: | end of epoch   1 | time:  0.58s | valid loss 10.26486 | valid ppl 28705.87
2023-11-11 23:46:48,320 - train_model.py[line:111] - INFO: -----------------------------------------------------------------------------------------
2023-11-11 23:46:48,455 - main.py[line:68] - INFO: =========================================================================================
2023-11-11 23:46:48,456 - main.py[line:69] - INFO: | End of training | test loss 10.26 | test ppl 28620.68
2023-11-11 23:46:48,456 - main.py[line:71] - INFO: =========================================================================================
2023-11-11 23:46:48,460 - main.py[line:78] - INFO: predicted words: 293 emerging new vallarta 293 fountain shakey 293 vallarta 293
2023-11-12 09:14:14,495 - train_model.py[line:108] - INFO: -----------------------------------------------------------------------------------------
2023-11-12 09:14:14,496 - train_model.py[line:109] - INFO: | end of epoch   1 | time:  0.63s | valid loss 10.26102 | valid ppl 28596.04
2023-11-12 09:14:14,496 - train_model.py[line:111] - INFO: -----------------------------------------------------------------------------------------
2023-11-12 09:14:14,630 - main.py[line:68] - INFO: =========================================================================================
2023-11-12 09:14:14,630 - main.py[line:69] - INFO: | End of training | test loss 10.26 | test ppl 28696.85
2023-11-12 09:14:14,630 - main.py[line:71] - INFO: =========================================================================================
2023-11-12 09:14:14,636 - main.py[line:78] - INFO: predicted words: ante occupying scholarship 28s tallest positioning procedure stonehenge combined strengthened
2023-11-12 09:15:29,843 - train_model.py[line:108] - INFO: -----------------------------------------------------------------------------------------
2023-11-12 09:15:29,843 - train_model.py[line:109] - INFO: | end of epoch   1 | time:  0.58s | valid loss 10.25780 | valid ppl 28503.95
2023-11-12 09:15:29,844 - train_model.py[line:111] - INFO: -----------------------------------------------------------------------------------------
2023-11-12 09:15:29,978 - main.py[line:68] - INFO: =========================================================================================
2023-11-12 09:15:29,978 - main.py[line:69] - INFO: | End of training | test loss 10.26 | test ppl 28497.28
2023-11-12 09:15:29,978 - main.py[line:71] - INFO: =========================================================================================
2023-11-12 09:15:29,983 - main.py[line:78] - INFO: predicted words: already genes interpretation courage mosaics fingleton mosaics bassline rosacarnis fingleton
2023-11-12 09:16:03,357 - train_model.py[line:108] - INFO: -----------------------------------------------------------------------------------------
2023-11-12 09:16:03,358 - train_model.py[line:109] - INFO: | end of epoch   1 | time:  0.59s | valid loss 10.26512 | valid ppl 28713.49
2023-11-12 09:16:03,358 - train_model.py[line:111] - INFO: -----------------------------------------------------------------------------------------
2023-11-12 09:16:03,480 - main.py[line:68] - INFO: =========================================================================================
2023-11-12 09:16:03,480 - main.py[line:69] - INFO: | End of training | test loss 10.27 | test ppl 28927.30
2023-11-12 09:16:03,480 - main.py[line:71] - INFO: =========================================================================================
2023-11-12 09:16:03,480 - main.py[line:78] - INFO: predicted words: pushes kombat 300 crude jaime imprison percy pushes percy charming
2023-11-12 09:21:24,805 - main.py[line:68] - INFO: =========================================================================================
2023-11-12 09:21:24,805 - main.py[line:69] - INFO: | End of training | test loss 10.27 | test ppl 28937.45
2023-11-12 09:21:24,805 - main.py[line:71] - INFO: =========================================================================================
2023-11-12 09:21:24,821 - main.py[line:78] - INFO: predicted words: marymount charming sibling seniors 300 karate bath bath charming 300
2023-11-12 09:22:36,703 - main.py[line:78] - INFO: predicted words: ventral martyr charming percy recording bath bath buckingham bath buckingham
2023-11-12 09:24:03,657 - main.py[line:78] - INFO: predicted words: longstanding pushes bath pushes viii imply percy 300 300 percy
2023-11-12 09:24:44,064 - main.py[line:68] - INFO: =========================================================================================
2023-11-12 09:24:44,064 - main.py[line:69] - INFO: | End of training | test loss 10.27 | test ppl 28958.37
2023-11-12 09:24:44,064 - main.py[line:71] - INFO: =========================================================================================
2023-11-12 09:38:25,176 - main.py[line:78] - INFO: predicted words: bath 300 ventral wizard debilitating bath bath notable marymount vorenus
2023-11-12 10:20:58,312 - main.py[line:78] - INFO: predicted words: jaime
2023-11-12 10:21:19,226 - main.py[line:78] - INFO: predicted words: percy
2023-11-12 10:22:03,310 - main.py[line:78] - INFO: predicted words: jaime percy
2023-11-12 10:22:38,629 - main.py[line:78] - INFO: predicted words: jaime percy
2023-11-12 10:23:19,680 - main.py[line:78] - INFO: predicted words: jaime percy
2023-11-12 10:28:25,821 - main.py[line:78] - INFO: predicted words: jaime
2023-11-12 10:30:35,237 - main.py[line:78] - INFO: predicted words: percy
2023-11-12 10:31:26,993 - main.py[line:78] - INFO: predicted words: percy
